TN:
SF:C:\Users\catal\Desktop\LABORATORIA\SCL014-cipher\src\cipher.js
FN:3,(anonymous_0)
FN:20,(anonymous_1)
FNF:2
FNH:2
FNDA:2,(anonymous_0)
FNDA:2,(anonymous_1)
DA:1,1
DA:4,2
DA:5,2
DA:6,6
DA:7,3
DA:9,3
DA:10,3
DA:15,6
DA:17,2
DA:21,2
DA:22,2
DA:23,6
DA:24,3
DA:26,3
DA:27,1
DA:32,6
DA:34,2
LF:17
LH:17
BRDA:6,0,0,3
BRDA:6,0,1,3
BRDA:6,1,0,6
BRDA:6,1,1,6
BRDA:9,2,0,3
BRDA:9,2,1,0
BRDA:9,3,0,3
BRDA:9,3,1,3
BRDA:23,4,0,3
BRDA:23,4,1,3
BRDA:23,5,0,6
BRDA:23,5,1,4
BRDA:26,6,0,1
BRDA:26,6,1,2
BRDA:26,7,0,3
BRDA:26,7,1,1
BRF:16
BRH:15
end_of_record
